0 info it worked if it ends with ok
1 verbose cli [ 'C:\\Program Files (x86)\\nodejs\\\\node.exe',
1 verbose cli   'C:\\Program Files (x86)\\nodejs\\node_modules\\npm\\bin\\npm-cli.js',
1 verbose cli   'install',
1 verbose cli   'jquery-waterwheel-carousel' ]
2 info using npm@1.1.63
3 info using node@v0.8.12
4 verbose node symlink C:\Program Files (x86)\nodejs\\node.exe
5 verbose read json C:\Users\asus\Nextdraw\package.json
6 warn package.json application-name@0.0.1 No README.md file found!
7 verbose read json C:\Users\asus\Nextdraw\node_modules\ejs\package.json
8 verbose read json C:\Users\asus\Nextdraw\node_modules\express\package.json
9 verbose read json C:\Users\asus\Nextdraw\node_modules\jQuery\package.json
10 verbose read json C:\Users\asus\Nextdraw\node_modules\jsdom\package.json
11 verbose read json C:\Users\asus\Nextdraw\node_modules\less-middleware\package.json
12 verbose read json C:\Users\asus\Nextdraw\node_modules\mongoose\package.json
13 verbose read json C:\Users\asus\Nextdraw\node_modules\request\package.json
14 verbose read json C:\Users\asus\Nextdraw\node_modules\xmlhttprequest\package.json
15 verbose from cache C:\Users\asus\Nextdraw\package.json
16 verbose readDependencies using package.json deps
17 verbose cache add [ 'jquery-waterwheel-carousel', null ]
18 silly cache add name=undefined spec="jquery-waterwheel-carousel" args=["jquery-waterwheel-carousel",null]
19 verbose parsed url { pathname: 'jquery-waterwheel-carousel',
19 verbose parsed url   path: 'jquery-waterwheel-carousel',
19 verbose parsed url   href: 'jquery-waterwheel-carousel' }
20 silly lockFile 997d5a35-jquery-waterwheel-carousel jquery-waterwheel-carousel
21 verbose lock jquery-waterwheel-carousel C:\Users\asus\AppData\Roaming\npm-cache\997d5a35-jquery-waterwheel-carousel.lock
22 silly lockFile 997d5a35-jquery-waterwheel-carousel jquery-waterwheel-carousel
23 verbose addNamed [ 'jquery-waterwheel-carousel', '' ]
24 verbose addNamed [ null, '' ]
25 silly lockFile 41e467cc-jquery-waterwheel-carousel jquery-waterwheel-carousel@
26 verbose lock jquery-waterwheel-carousel@ C:\Users\asus\AppData\Roaming\npm-cache\41e467cc-jquery-waterwheel-carousel.lock
27 silly addNameRange { name: 'jquery-waterwheel-carousel', range: '', hasData: false }
28 verbose url raw jquery-waterwheel-carousel
29 verbose url resolving [ 'https://registry.npmjs.org/',
29 verbose url resolving   './jquery-waterwheel-carousel' ]
30 verbose url resolved https://registry.npmjs.org/jquery-waterwheel-carousel
31 info trying registry request attempt 1 at 12:32:47
32 http GET https://registry.npmjs.org/jquery-waterwheel-carousel
33 http 404 https://registry.npmjs.org/jquery-waterwheel-carousel
34 silly registry.get cb [ 404,
34 silly registry.get   { server: 'CouchDB/1.2.0 (Erlang OTP/R15B)',
34 silly registry.get     date: 'Sat, 15 Dec 2012 04:32:04 GMT',
34 silly registry.get     'content-type': 'application/json',
34 silly registry.get     'content-length': '52',
34 silly registry.get     'cache-control': 'must-revalidate' } ]
35 silly lockFile 41e467cc-jquery-waterwheel-carousel jquery-waterwheel-carousel@
36 error 404 'jquery-waterwheel-carousel' is not in the npm registry.
36 error 404 You should bug the author to publish it
36 error 404
36 error 404 Note that you can also install from a
36 error 404 tarball, folder, or http url, or git url.
37 error System Windows_NT 6.1.7600
38 error command "C:\\Program Files (x86)\\nodejs\\\\node.exe" "C:\\Program Files (x86)\\nodejs\\node_modules\\npm\\bin\\npm-cli.js" "install" "jquery-waterwheel-carousel"
39 error cwd C:\Users\asus\Nextdraw
40 error node -v v0.8.12
41 error npm -v 1.1.63
42 error code E404
43 verbose exit [ 1, true ]
